SF:lib\data\grammafy_repository.dart
DA:14,1
DA:16,1
DA:20,2
DA:22,1
DA:24,1
DA:26,3
LF:6
LH:6
end_of_record
SF:lib\data\network_data_sources\network_data_sources.dart
DA:12,1
DA:14,1
DA:15,1
DA:17,1
DA:18,1
DA:19,1
DA:21,1
DA:22,1
DA:23,1
DA:24,1
DA:30,2
DA:32,1
DA:35,2
LF:13
LH:13
end_of_record
SF:lib\data\network_data_sources\dto\answer\chat_response_model.dart
DA:14,1
DA:15,1
DA:24,1
DA:25,1
LF:4
LH:4
end_of_record
SF:lib\data\network_data_sources\dto\answer\chat_response_model.g.dart
DA:9,1
DA:11,1
DA:12,1
DA:13,3
DA:14,1
DA:15,1
DA:18,0
DA:20,0
DA:21,0
DA:22,0
DA:25,1
DA:26,1
DA:27,2
DA:30,0
DA:32,0
DA:33,0
LF:16
LH:9
end_of_record
SF:lib\data\network_data_sources\dto\question\chat_model.dart
DA:13,0
DA:14,0
DA:23,0
DA:24,0
DA:33,1
DA:34,1
DA:43,1
DA:44,1
LF:8
LH:4
end_of_record
SF:lib\data\network_data_sources\dto\question\chat_model.g.dart
DA:9,0
DA:10,0
DA:11,0
DA:12,0
DA:13,0
DA:14,0
DA:15,0
DA:18,1
DA:19,1
DA:20,1
DA:21,1
DA:24,0
DA:26,0
DA:27,0
DA:30,0
DA:32,0
DA:33,0
DA:36,1
DA:37,1
DA:38,1
DA:39,3
DA:40,1
DA:43,0
DA:44,0
DA:45,0
DA:48,1
DA:49,1
DA:50,1
DA:53,0
DA:54,0
DA:55,0
LF:31
LH:12
end_of_record
SF:lib\domain\models\chat_answer_model.dart
DA:13,1
DA:14,1
LF:2
LH:2
end_of_record
SF:lib\domain\models\chat_answer_model.g.dart
DA:9,1
DA:11,1
DA:12,1
DA:13,1
DA:16,1
DA:18,1
DA:19,1
DA:20,1
LF:8
LH:8
end_of_record
SF:lib\domain\models\tone_type.dart
DA:8,0
DA:10,0
DA:12,0
DA:14,0
LF:4
LH:0
end_of_record
SF:lib\utils\extensions.dart
DA:5,1
DA:7,7
DA:8,6
DA:11,1
DA:16,0
DA:18,0
DA:19,0
LF:7
LH:4
end_of_record
SF:lib\utils\constant.dart
DA:17,1
DA:18,1
LF:2
LH:2
end_of_record
